<?xml version="1.0" encoding="UTF-8"?>
<testsuite xmlns:xsi="http://www.w3.org/2001/XMLSchema-instance" xsi:noNamespaceSchemaLocation="https://maven.apache.org/surefire/maven-surefire-plugin/xsd/surefire-test-report.xsd" version="3.0.2" name="net.allayfind.paper.ApiClientTest" time="0.843" tests="5" errors="0" skipped="0" failures="0">
  <properties>
[...]
</properties>
  <testcase name="productionRequiresHttpsAndOriginWithoutCredentials" classname="net.allayfind.paper.ApiClientTest" time="0.129"/>
  <testcase name="realHttpPollPersistThenAcknowledgeAndRedelivery" classname="net.allayfind.paper.ApiClientTest" time="0.544">
    <system-err><![CDATA[SLF4J: No SLF4J providers were found.
SLF4J: Defaulting to no-operation (NOP) logger implementation
SLF4J: See https://www.slf4j.org/codes.html#noProviders for further details.
]]></system-err>
  </testcase>
  <testcase name="refusesWrongServerEditionAndCommandInjection" classname="net.allayfind.paper.ApiClientTest" time="0.038"/>
  <testcase name="redirectsAndUnauthorizedAreNotAccepted" classname="net.allayfind.paper.ApiClientTest" time="0.033"/>
  <testcase name="rejectsOversizedResponseBeforeParsing" classname="net.allayfind.paper.ApiClientTest" time="0.03"/>
</testsuite>